{
  "stats": {
    "suites": 1,
    "tests": 1,
    "passes": 1,
    "pending": 0,
    "failures": 0,
    "start": "2022-03-10T23:57:04.493Z",
    "end": "2022-03-10T23:57:16.156Z",
    "duration": 11663,
    "testsRegistered": 1,
    "passPercent": 100,
    "pendingPercent": 0,
    "other": 0,
    "hasOther": false,
    "skipped": 0,
    "hasSkipped": false
  },
  "results": [
    {
      "uuid": "aabcd923-ef27-413d-ba7d-48866bca9881",
      "title": "",
      "fullFile": "cypress/integration/cadastro.spec.js",
      "file": "cypress/integration/cadastro.spec.js",
      "beforeHooks": [],
      "afterHooks": [],
      "tests": [],
      "suites": [
        {
          "uuid": "dc5cf6a7-3bd0-4847-bf1a-7e78c2595920",
          "title": "Cadastro",
          "fullFile": "",
          "file": "",
          "beforeHooks": [],
          "afterHooks": [],
          "tests": [
            {
              "title": "Quando eu informar os dados e finalizar, então o cadastro deve ser finalizado",
              "fullTitle": "Cadastro Quando eu informar os dados e finalizar, então o cadastro deve ser finalizado",
              "timedOut": null,
              "duration": 7489,
              "state": "passed",
              "speed": "medium",
              "pass": true,
              "fail": false,
              "pending": false,
              "context": null,
              "code": "cy.visit('https://form-agilizei.netlify.app');\ncy.get('input[name=firstName]').type(chance.first());\ncy.get('input[name=lastName]').type(chance.last());\ncy.get('textarea[name=adress]').type(chance.address());\ncy.get('input[name=emailAdress]').type(chance.email());\ncy.get('input[value=n]').check();\ncy.get('input[type=checkbox]').check('Netflix');\ncy.get('input[type=checkbox]').check('Dormir');\ncy.get('select#countries').select('Dinamarca', {\n  force: true\n});\ncy.get('select#years').select('1991', {\n  force: true\n});\ncy.get('select#months').select('Julho', {\n  force: true\n});\ncy.get('select#days').select('10', {\n  force: true\n});\ncy.get('input#firstpassword').type('Alunos@2022');\ncy.get('input#secondpassword').type('Alunos@2022');\ncy.get('#submitbtn').click(); // espero que miha aplicação seja direcionada para a listagem\n//url\n// deve conter a palavra listagem\ncy.url().should('contain', 'listagem');",
              "err": {},
              "uuid": "61411cf8-419b-4864-9f5e-3179572e200e",
              "parentUUID": "dc5cf6a7-3bd0-4847-bf1a-7e78c2595920",
              "isHook": false,
              "skipped": false
            }
          ],
          "suites": [],
          "passes": [
            "61411cf8-419b-4864-9f5e-3179572e200e"
          ],
          "failures": [],
          "pending": [],
          "skipped": [],
          "duration": 7489,
          "root": false,
          "rootEmpty": false,
          "_timeout": 2000
        }
      ],
      "passes": [],
      "failures": [],
      "pending": [],
      "skipped": [],
      "duration": 0,
      "root": true,
      "rootEmpty": true,
      "_timeout": 2000
    }
  ],
  "meta": {
    "mocha": {
      "version": "7.0.1"
    },
    "mochawesome": {
      "options": {
        "quiet": true,
        "reportFilename": "mochawesome",
        "saveHtml": false,
        "saveJson": true,
        "consoleReporter": "spec",
        "useInlineDiffs": false,
        "code": true
      },
      "version": "7.1.2"
    },
    "marge": {
      "options": {
        "id": "default",
        "reportDir": "mochawesome-report",
        "quiet": true,
        "overwrite": false,
        "html": false,
        "json": true
      },
      "version": "6.1.1"
    }
  }
}